{"machine_id": 1740311902.4773557, "data": ["c", "v", "j", "d", "k", "s", "l", "k"], "timestamp": 1740311902.4773557}
{"machine_id": 1740311964.5420713, "data": ["ctrl_l", "\u0003", "ctrl_l", "\u0016"], "timestamp": 1740311964.5420713}
{"machine_id": 1740312086.604932, "data": ["c", "d", "space", "s", "tab", "e", "r", "v", "e", "r", "backspace", "backspace", "backspace", "backspace", "backspace", "backspace", "backspace", "space", "b", "tab", "enter", "p", "y", "t", "h", "o", "n", "space", "enter"], "timestamp": 1740312086.604932}
{"machine_id": 1740312148.6644974, "data": ["p", "backspace", "up", "up", "up", "up", "down", "down", "ctrl_l", "\u0003", "ctrl_l", "\u0011", "backspace", "backspace", "ctrl_l", "\u0011", "enter", "ctrl_l", "\u0003", "\u0003", "\u0003", "\u0003", "esc", "c", "d", "space", "b", "enter", "c", "d", "space", "b", "tab", "enter", "p", "y", "t", "h", "o", "n", "space", "s", "e", "r", "v", "e", "r", ".", "p", "y", "enter"], "timestamp": 1740312148.6644974}
{"machine_id": 1740312210.7179399, "data": ["up", "backspace", "backspace", "backspace", "backspace", "backspace", "backspace", "backspace", "backspace", "backspace", "a", "p", "p", ".", "p", "y", "enter", "g", "x", "f", "f", "x", "h", "f", "g", "f", "h", "f", "x", "h", "j", "f", "x", "j", "x", "f", "f"], "timestamp": 1740312210.7179399}
{"machine_id": 1740312272.7670717, "data": ["backspace", "backspace", "backspace", "backspace", "backspace", "backspace", "backspace", "backspace", "backspace", "backspace", "backspace", "backspace", "backspace", "backspace", "backspace", "backspace", "backspace", "backspace", "backspace", "backspace", "backspace", "backspace", "backspace", "backspace", "backspace", "backspace", "backspace", "backspace", "ctrl_l", "\u0003", "c", "d", "space", "k", "tab", "enter", "p", "y", "t", "h", "o", "n", "space"], "timestamp": 1740312272.7670717}
{"machine_id": 1740312334.8259187, "data": ["shift_r", "_", "_", "m", "a", "i", "n", "shift_r", "_", "_", ".", "p", "y", "enter"], "timestamp": 1740312334.8259187}
{"machine_id": 1740312396.8791537, "data": ["up", "backspace", "backspace", "backspace", "backspace", "backspace", "backspace", "backspace", "backspace", "backspace", "backspace", "backspace", "backspace", "space", "m", "a", "i", "n", ".", "p", "y", "enter"], "timestamp": 1740312396.8791537}
{"machine_id": 1740312532.1622722, "data": ["d", "f", "h", "d", "j", "t", "y", "j", "t", "backspace", "1"], "timestamp": 1740312532.1622722}
{"machine_id": 1740312594.227558, "data": ["ctrl_l", "\u0003", "ctrl_l", "\u0016", "h", "t", "t", "backspace", "backspace", "backspace", "backspace", "backspace"], "timestamp": 1740312594.227558}
{"machine_id": 1740312716.279995, "data": ["right", "/", "d", "a", "t", "a", "enter"], "timestamp": 1740312716.279995}
{"machine_id": 1740312789.2814217, "data": ["g", "a", "s", "j", "g", "h", "j", "j", "d"], "timestamp": 1740312789.2814217}
{"machine_id": 1740312793.5807962, "data": ["g", "a", "s", "j", "g", "h", "j", "j", "d"], "timestamp": 1740312793.5807962}
{"machine_id": 1740312935.6376915, "data": ["shift_r"], "timestamp": 1740312935.6376915}
{"machine_id": 1740312941.351546, "data": ["shift_r", "("], "timestamp": 1740312941.351546}
{"machine_id": 1740312947.6794815, "data": ["("], "timestamp": 1740312947.6794815}
{"machine_id": 1740312959.7354045, "data": ["enter", "p", "enter"], "timestamp": 1740312959.7354045}
{"machine_id": 1740312963.404232, "data": ["enter", "p", "enter", "r", "enter"], "timestamp": 1740312963.404232}
{"machine_id": 1740312971.7861645, "data": ["r", "enter"], "timestamp": 1740312971.7861645}
{"machine_id": 1740313035.474094, "data": ["enter"], "timestamp": 1740313035.474094}
{"machine_id": 1740313043.8381736, "data": ["enter", "enter", "up", "up", "down", "down", "down", "ctrl_l", "\u0003"], "timestamp": 1740313043.8381736}
{"machine_id": 1740313047.522857, "data": ["enter", "up", "up", "down", "down", "down", "ctrl_l", "\u0003", "ctrl_l", "\u0003", "ctrl_l", "\u0003", "ctrl_l", "\u0011"], "timestamp": 1740313047.522857}
{"machine_id": 1740313055.8663552, "data": ["ctrl_l", "\u0003", "ctrl_l", "\u0003", "ctrl_l", "\u0011", "e", "x"], "timestamp": 1740313055.8663552}
{"machine_id": 1740313059.5723426, "data": ["e", "x"], "timestamp": 1740313059.5723426}
{"machine_id": 1740313127.9095004, "data": ["d", "g", "g", "e", "t", "g"], "timestamp": 1740313127.9095004}
{"machine_id": 1740313131.6074004, "data": ["d", "g", "g", "e", "t", "g"], "timestamp": 1740313131.6074004}
{"machine_id": 1740313209.9612968, "data": ["r", "d", "y", "j", "t", "u", "f", "k", "u", "k", "f", "h", "backspace", "backspace", "backspace", "backspace", "backspace", "backspace", "backspace", "backspace", "backspace", "backspace", "backspace", "backspace", "backspace", "backspace", "backspace", "backspace", "backspace", "backspace", "backspace", "backspace"], "timestamp": 1740313209.9612968}
{"machine_id": 1740313213.6587777, "data": ["r", "d", "y", "j", "t", "u", "f", "k", "u", "k", "f", "h", "backspace", "backspace", "backspace", "backspace", "backspace", "backspace", "backspace", "backspace", "backspace", "backspace", "backspace", "backspace", "backspace", "backspace", "backspace", "backspace", "backspace", "backspace", "backspace", "backspace"], "timestamp": 1740313213.6587777}
{"machine_id": 1740313325.7188582, "data": ["r"], "timestamp": 1740313325.7188582}
{"machine_id": 1740313332.0294974, "data": ["r", "down", "enter"], "timestamp": 1740313332.0294974}
{"machine_id": 1740313337.7709732, "data": ["down", "enter"], "timestamp": 1740313337.7709732}
{"machine_id": 1740313354.0632174, "data": ["d", "z", "h", "t", "d", "h", "z", "d", "t", "t"], "timestamp": 1740313354.0632174}
{"machine_id": 1740313359.8306882, "data": ["d", "z", "h", "t", "d", "h", "z", "d", "t", "t"], "timestamp": 1740313359.8306882}
{"machine_id": 1740313391.854857, "data": ["f", "c", "j", "g", "j", "k"], "timestamp": 1740313391.854857}
{"machine_id": 1740313396.1646392, "data": ["f", "c", "j", "g", "j", "k"], "timestamp": 1740313396.1646392}
{"machine_id": 1740313423.9181864, "data": ["d", "f", "f", "y", "d"], "timestamp": 1740313423.9181864}
{"machine_id": 1740313429.2431896, "data": ["d", "f", "f", "y", "d"], "timestamp": 1740313429.2431896}
{"machine_id": 1740313451.2845817, "data": ["x", "g", "f", "x", "n", "f", "g", "j", "enter", "f", "j", "f"], "timestamp": 1740313451.2845817}
{"machine_id": 1740313455.970414, "data": ["x", "g", "f", "x", "n", "f", "g", "j", "enter", "f", "j", "f"], "timestamp": 1740313455.970414}
{"machine_id": 1740313553.3390648, "data": [".", "enter"], "timestamp": 1740313553.3390648}
{"machine_id": 1740313558.0238402, "data": [".", "enter"], "timestamp": 1740313558.0238402}
{"machine_id": 1740313580.0658147, "data": ["f", "g", "u", "i"], "timestamp": 1740313580.0658147}
{"machine_id": 1740313585.3865616, "data": ["f", "g", "u", "i"], "timestamp": 1740313585.3865616}
{"machine_id": 1740313617.4501386, "data": ["backspace", "backspace"], "timestamp": 1740313617.4501386}
{"machine_id": 1740313622.121998, "data": ["backspace", "backspace"], "timestamp": 1740313622.121998}
{"machine_id": 1740313673.758264, "data": ["j", "h", "g", "j", "i", "o", "k", "l"], "timestamp": 1740313673.758264}
{"machine_id": 1740313705.8295174, "data": ["e", "ctrl_l", "\u001a", "\u001a", "\u001a"], "timestamp": 1740313705.8295174}
{"machine_id": 1740313717.8706207, "data": ["\u001a"], "timestamp": 1740313717.8706207}
{"machine_id": 1740313779.9192626, "data": ["k", "l", "h", "l", "j", "h", "o"], "timestamp": 1740313779.9192626}
{"machine_id": 1740313871.9908178, "data": ["d", "shift", "A", "F", "d", "x", "h", "f"], "timestamp": 1740313871.9908178}
{"machine_id": 1740314074.0607028, "data": ["a", "p", "p"], "timestamp": 1740314074.0607028}
{"machine_id": 1740314086.1051319, "data": ["ctrl_l", "\u001a"], "timestamp": 1740314086.1051319}
{"machine_id": 1740314138.1675508, "data": ["d", "a", "t", "a"], "timestamp": 1740314138.1675508}
{"machine_id": 1740314150.2169425, "data": ["shift", "alt_l", "up", "r", "enter", ".", "down"], "timestamp": 1740314150.2169425}
{"machine_id": 1740314162.2657309, "data": ["down", "up", "up", "enter"], "timestamp": 1740314162.2657309}
{"machine_id": 1740314174.3083522, "data": ["backspace", "backspace", "backspace", "backspace", "backspace", ".", "enter"], "timestamp": 1740314174.3083522}
{"machine_id": 1740314186.3450394, "data": ["backspace", "backspace", "backspace", "backspace", "j"], "timestamp": 1740314186.3450394}
{"machine_id": 1740314208.388751, "data": ["backspace", "backspace"], "timestamp": 1740314208.388751}
{"machine_id": 1740314220.4292073, "data": ["h", "j", "k", "j"], "timestamp": 1740314220.4292073}
{"machine_id": 1740314263.4475992, "data": ["j", "h", "k", "j"], "timestamp": 1740314263.4475992}
{"machine_id": 1740314475.505789, "data": ["backspace"], "timestamp": 1740314475.505789}
{"machine_id": 1740314507.5621316, "data": ["enter", "shift_r"], "timestamp": 1740314507.5621316}
{"machine_id": 1740314519.6067536, "data": ["shift", "alt_l", "up", "backspace", "backspace"], "timestamp": 1740314519.6067536}
{"machine_id": 1740314531.664894, "data": ["ctrl_l", "\u001a"], "timestamp": 1740314531.664894}
{"machine_id": 1740314543.7091172, "data": ["backspace", "backspace", "backspace", "backspace", "backspace", "backspace"], "timestamp": 1740314543.7091172}
{"machine_id": 1740314555.770835, "data": ["backspace"], "timestamp": 1740314555.770835}
{"machine_id": 1740314577.8305268, "data": ["v", "h", "b", "h", "j", "k", "j", "k", "n"], "timestamp": 1740314577.8305268}
{"machine_id": 1740314609.8773994, "data": [".", "enter"], "timestamp": 1740314609.8773994}
{"machine_id": 1740314621.9236665, "data": ["v", "c", "h", "h", "m", "c", "h"], "timestamp": 1740314621.9236665}
{"machine_id": 1740314643.974771, "data": ["d", "a", "t", "a"], "timestamp": 1740314643.974771}
{"machine_id": 1740314656.0187922, "data": ["h", "b", "k", "j", "k", "n"], "timestamp": 1740314656.0187922}
{"machine_id": 1740314688.068897, "data": [",", "'", "g", "backspace", "caps_lock", "g", "e", "t"], "timestamp": 1740314688.068897}
{"machine_id": 1740314721.899564, "data": ["z", "d", "g", "x", "b", "m", "n", "h", "k", "."], "timestamp": 1740314721.899564}
{"machine_id": 1740314743.9557729, "data": ["backspace", "backspace", "backspace", "backspace", "backspace"], "timestamp": 1740314743.9557729}
{"machine_id": 1740314756.007625, "data": ["backspace"], "timestamp": 1740314756.007625}
{"machine_id": 1740314778.0573866, "data": ["backspace", "backspace", "backspace"], "timestamp": 1740314778.0573866}
{"machine_id": 1740314800.1147344, "data": ["enter", "p", "r", "backspace", "backspace", "caps_lock"], "timestamp": 1740314800.1147344}
{"machine_id": 1740314812.1713665, "data": ["p", "enter", "r", "down", "enter", "tab"], "timestamp": 1740314812.1713665}
{"machine_id": 1740314824.245507, "data": ["j", "g", "i"], "timestamp": 1740314824.245507}
{"machine_id": 1740314996.3014786, "data": ["f12"], "timestamp": 1740314996.3014786}
{"machine_id": 1740315028.3426807, "data": ["enter"], "timestamp": 1740315028.3426807}
{"machine_id": 1740315040.389074, "data": ["p", "r", "i", "n", "t", "enter", ";", "backspace", "'", "h", "i", "ctrl_l", "\u0013"], "timestamp": 1740315040.389074}
{"machine_id": 1740315052.4366367, "data": ["ctrl_l", "\u0003", "ctrl_l", "\u0003", "\u0003", "\u0003", "ctrl_l", "\u0003", "\u0003", "\u0003"], "timestamp": 1740315052.4366367}
{"machine_id": 1740315064.4876308, "data": ["up", "up", "down", "down", "ctrl_l", "\u0003"], "timestamp": 1740315064.4876308}
{"machine_id": 1740315126.5490973, "data": ["enter", "p", "enter", "'", "h", "i", "space", "f", "r", "o", "m", "space", "g"], "timestamp": 1740315126.5490973}
{"machine_id": 1740315138.59306, "data": ["e", "t", "ctrl_l", "\u0013", "enter", "g", "f", "u", ",", "h", "f", "v", "l", "h", "u", "f"], "timestamp": 1740315138.59306}
{"machine_id": 1740315190.6341546, "data": ["backspace", "ctrl_l", null, "r", "e", "t", "u", "r", "b", "space", "cmd", "shift", "S", "backspace"], "timestamp": 1740315190.6341546}
{"machine_id": 1740315202.6787903, "data": ["backspace", "n", "space", "r", "e", "down", "down", "enter"], "timestamp": 1740315202.6787903}
{"machine_id": 1740315214.728715, "data": ["ctrl_l", "\u001a", "ctrl_l", "\u001a", "tab", "ctrl_l", "backspace", "backspace", "backspace", "backspace", "backspace", "backspace", "backspace", "backspace", "backspace", "backspace", "backspace", "backspace", "shift_r", "(", "r", "e", "down", "down", "enter"], "timestamp": 1740315214.728715}
{"machine_id": 1740315276.3928502, "data": ["d", "f", "h", "d", "t", "j", "z", "r", "y", "k", "m"], "timestamp": 1740315276.3928502}
{"machine_id": 1740315318.4502077, "data": ["backspace", "backspace"], "timestamp": 1740315318.4502077}
{"machine_id": 1740315330.5038521, "data": ["ctrl_l", "ctrl_l", "\u0018", "backspace", "backspace", "backspace", "ctrl_l"], "timestamp": 1740315330.5038521}
{"machine_id": 1740315342.5495005, "data": ["\u0016"], "timestamp": 1740315342.5495005}
{"machine_id": 1740315365.571568, "data": ["f", "y", "c", "g", "u", "v", "h"], "timestamp": 1740315365.571568}
{"machine_id": 1740315467.6473007, "data": ["ctrl_l", "\u0003"], "timestamp": 1740315467.6473007}
{"machine_id": 1740315479.6999831, "data": ["ctrl_l"], "timestamp": 1740315479.6999831}
{"machine_id": 1740315491.763575, "data": ["\u0016", "backspace"], "timestamp": 1740315491.763575}
{"machine_id": 1740315503.8227823, "data": ["shift_r", "enter", "i", "t", "space", "i", "s", "space", "n", "o", "t", "space", "w", "o", "r", "k", "i", "n", "g", "space", "shift_r", "enter"], "timestamp": 1740315503.8227823}
{"machine_id": 1740315515.8880117, "data": ["i", "t", "space", "s", "e", "n", "d", "space", "m", "a", "s", "s", "e", "g", "e", "space", "t", "h", "e", "t", "space", "e", "r", "r", "o", "r", "space"], "timestamp": 1740315515.8880117}
{"machine_id": 1740315527.9559543, "data": ["a", "c", "u", "r", "e", "d", "space", "i", "space", "t", "r", "y", "space", "t", "o", "space", "p"], "timestamp": 1740315527.9559543}
{"machine_id": 1740315540.0206144, "data": ["r", "i", "n", "t", "space", "t", "h", "e", "space", "r", "e", "c", "space", "b", "u", "t", "space"], "timestamp": 1740315540.0206144}
{"machine_id": 1740315552.084167, "data": ["n", "i", "space", "r", "e", "s", "u", "l", "t", "s", "enter"], "timestamp": 1740315552.084167}
{"machine_id": 1740316504.170654, "data": ["ctrl_l", null], "timestamp": 1740316504.170654}
{"machine_id": 1740316516.212693, "data": ["p", "o"], "timestamp": 1740316516.212693}
{"machine_id": 1740316528.2782001, "data": ["backspace", "backspace", "shift", "@", "a", "p", "p", "."], "timestamp": 1740316528.2782001}
{"machine_id": 1740316540.3447156, "data": ["down", "down", "down", "down", "down", "enter", "shift_r", "(", "'"], "timestamp": 1740316540.3447156}
{"machine_id": 1740316552.389884, "data": ["/", "d", "a", "t", "a", "right", ",", "m", "e", "t"], "timestamp": 1740316552.389884}
{"machine_id": 1740316564.4379563, "data": ["backspace", "backspace", "backspace", "m", "e", "t", "o", "d", "e", "s"], "timestamp": 1740316564.4379563}
{"machine_id": 1740316576.4715858, "data": ["=", "[", "'", "shift", "P", "O", "S", "T", "shift_r", "enter"], "timestamp": 1740316576.4715858}
{"machine_id": 1740316588.5276556, "data": ["d", "enter", "space", "r", "e", "s"], "timestamp": 1740316588.5276556}
{"machine_id": 1740316600.5752256, "data": ["backspace", "c", "i", "v", "e", "shift", "D", "a", "t", "a", "shift_r"], "timestamp": 1740316600.5752256}
{"machine_id": 1740316612.625045, "data": ["(", "shift_r", ":", "enter", "r", "enter"], "timestamp": 1740316612.625045}
{"machine_id": 1740316624.6595469, "data": ["backspace", "backspace", "backspace", "backspace", "backspace", "backspace", "backspace", "ctrl_l", "space", "backspace", "tab"], "timestamp": 1740316624.6595469}
{"machine_id": 1740316636.7099133, "data": ["t", "enter", "enter"], "timestamp": 1740316636.7099133}
{"machine_id": 1740316648.754449, "data": ["d", "a", "t", "a", "space", "=", "space", "r"], "timestamp": 1740316648.754449}
{"machine_id": 1740316660.8200011, "data": ["enter", ".", "enter", "enter", "r", "e", "down", "enter"], "timestamp": 1740316660.8200011}
{"machine_id": 1740316672.8883288, "data": ["d", "enter", "enter", "e", "enter"], "timestamp": 1740316672.8883288}
{"machine_id": 1740316684.9317188, "data": ["shift_r", ":", "enter", "r", "enter", "d", "a", "r", "a", "backspace", "backspace", "backspace", "backspace"], "timestamp": 1740316684.9317188}
{"machine_id": 1740316707.004495, "data": ["ctrl_l", "\u0003", "ctrl_l", "\u0016"], "timestamp": 1740316707.004495}
{"machine_id": 1740316719.0619953, "data": ["backspace", "backspace", "backspace", "backspace", "backspace", "backspace", "backspace", "backspace", "backspace", "shift_r", "\"", "h", "g", "h"], "timestamp": 1740316719.0619953}
{"machine_id": 1740316751.1247053, "data": ["ctrl_l", "\u0003"], "timestamp": 1740316751.1247053}
{"machine_id": 1740316765.2046368, "data": ["ctrl_l", "\u0016", "backspace"], "timestamp": 1740316765.2046368}
{"machine_id": 1740316789.299169, "data": ["enter", "enter"], "timestamp": 1740316789.299169}
{"machine_id": 1740316803.3933733, "data": ["ctrl_l", "\u001a", "\u001a", "\u001a", "\u001a", "\u001a"], "timestamp": 1740316803.3933733}
{"machine_id": 1740316817.477252, "data": ["enter"], "timestamp": 1740316817.477252}
{"machine_id": 1740316841.561753, "data": ["ctrl_l", "\u0003", "ctrl_l", "\u0016"], "timestamp": 1740316841.561753}
{"machine_id": 1740316886.6050613, "data": ["l", "j", "h", "k", "j"], "timestamp": 1740316886.6050613}
{"machine_id": 1740316918.6656988, "data": ["k", "j", "h", "k"], "timestamp": 1740316918.6656988}
{"machine_id": 1740316970.7032485, "data": ["ctrl_l", null], "timestamp": 1740316970.7032485}
{"machine_id": 1740316992.7484038, "data": ["ctrl_l", null], "timestamp": 1740316992.7484038}
{"machine_id": 1740317014.8008366, "data": ["ctrl_l", null], "timestamp": 1740317014.8008366}
{"machine_id": 1740317066.8394787, "data": ["ctrl_l", "\u0003"], "timestamp": 1740317066.8394787}
{"machine_id": 1740317078.8790126, "data": ["ctrl_l", "\u0016", "backspace"], "timestamp": 1740317078.8790126}
{"machine_id": 1740317090.9170926, "data": ["backspace", "backspace"], "timestamp": 1740317090.9170926}
{"machine_id": 1740317102.9706914, "data": ["enter", "p", "enter", "r", "enter", ".", "enter"], "timestamp": 1740317102.9706914}
{"machine_id": 1740317125.0229251, "data": ["k", "b"], "timestamp": 1740317125.0229251}
{"machine_id": 1740317137.0823216, "data": ["j", "g", "h"], "timestamp": 1740317137.0823216}
{"machine_id": 1740317169.1120214, "data": ["ctrl_l", "\u0016", "ctrl_l", "\u001a"], "timestamp": 1740317169.1120214}
{"machine_id": 1740317181.1466458, "data": ["ctrl_l", "\u0003"], "timestamp": 1740317181.1466458}
{"machine_id": 1740317203.1947734, "data": ["ctrl_l", "\u0003", "enter", "ctrl_l", "\u0016"], "timestamp": 1740317203.1947734}
{"machine_id": 1740317215.2485518, "data": ["backspace", "backspace", "tab"], "timestamp": 1740317215.2485518}
{"machine_id": 1740317227.295879, "data": ["backspace"], "timestamp": 1740317227.295879}
{"machine_id": 1740317239.3170068, "data": ["y", "k", "g", "h", "j"], "timestamp": 1740317239.3170068}
{"machine_id": 1740317271.3631082, "data": ["enter"], "timestamp": 1740317271.3631082}
{"machine_id": 1740317303.4172127, "data": ["backspace", "backspace", "backspace", "backspace", "ctrl_l", "\u001a"], "timestamp": 1740317303.4172127}
{"machine_id": 1740317345.462597, "data": ["backspace", "backspace", "backspace", "backspace"], "timestamp": 1740317345.462597}
{"machine_id": 1740317357.5145848, "data": ["backspace", "backspace", "backspace", "backspace"], "timestamp": 1740317357.5145848}
{"machine_id": 1740317369.5613286, "data": ["j", "g", "g"], "timestamp": 1740317369.5613286}
{"machine_id": 1740317401.5937955, "data": ["ctrl_l", "\u0003"], "timestamp": 1740317401.5937955}
{"machine_id": 1740317413.6472294, "data": ["tab", "tab", "ctrl_l", "\u0016"], "timestamp": 1740317413.6472294}
{"machine_id": 1740317445.6630697, "data": ["ctrl_l", null], "timestamp": 1740317445.6630697}
{"machine_id": 1740317467.6998208, "data": ["ctrl_l", null], "timestamp": 1740317467.6998208}
{"machine_id": 1740317479.735187, "data": ["backspace", "backspace", "backspace", "backspace"], "timestamp": 1740317479.735187}
{"machine_id": 1740317491.786471, "data": ["backspace", "backspace", "backspace", "backspace", "backspace", "backspace", "backspace", "backspace"], "timestamp": 1740317491.786471}
{"machine_id": 1740317513.8430078, "data": ["n", "g", "m"], "timestamp": 1740317513.8430078}
{"machine_id": 1740317545.9164004, "data": ["backspace", "backspace", "backspace"], "timestamp": 1740317545.9164004}
{"machine_id": 1740317557.9758563, "data": ["backspace"], "timestamp": 1740317557.9758563}
{"machine_id": 1740317580.0171735, "data": ["j"], "timestamp": 1740317580.0171735}
{"machine_id": 1740317752.0615056, "data": ["backspace", "ctrl_l", "\u0016"], "timestamp": 1740317752.0615056}
{"machine_id": 1740317794.079269, "data": ["ctrl_l"], "timestamp": 1740317794.079269}
{"machine_id": 1740317808.1405377, "data": [null, "n", "g", "v", "b"], "timestamp": 1740317808.1405377}
{"machine_id": 1740317940.1905282, "data": ["ctrl_l", "\u0003", "ctrl_l", "\u0003"], "timestamp": 1740317940.1905282}
{"machine_id": 1740317952.239067, "data": ["ctrl_l", "\u0016", "shift_r", "enter", "t", "h", "i", "s", "space", "i", "s", "space", "t"], "timestamp": 1740317952.239067}
{"machine_id": 1740317964.2969828, "data": ["h", "e", "space", "e", "r", "r", "o", "e", "backspace", "r", "space", "shift_r", "enter", "i", "space", "n", "e", "e", "d", "space", "t", "o", "space"], "timestamp": 1740317964.2969828}
{"machine_id": 1740317976.3481927, "data": ["c", "a", "s", "t", "space", "t", "h", "e", "space", "l", "i", "s", "t", "space", "t", "o", "space", "backspace", "backspace", "backspace", "enter"], "timestamp": 1740317976.3481927}
{"machine_id": 1740318068.3899417, "data": ["ctrl_l", "\u0016"], "timestamp": 1740318068.3899417}
{"machine_id": 1740318080.4402783, "data": ["shift_r", "enter", "t", "h", "i", "s", "space", "i", "s", "space", "t", "h", "e", "space", "e", "r", "r", "o", "r", "space", "i", "space", "n", "backspace"], "timestamp": 1740318080.4402783}
{"machine_id": 1740318092.4869504, "data": ["backspace", "backspace", "backspace", "space", "shift_r", "enter", "i", "space", "n", "e", "e", "d", "space", "t", "o", "space", "c", "a", "s", "t", "space", "t", "h", "e", "space"], "timestamp": 1740318092.4869504}
{"machine_id": 1740318104.5315645, "data": ["d", "a", "t", "a", "enter"], "timestamp": 1740318104.5315645}
{"machine_id": 1740318236.5890906, "data": ["ctrl_l", "\u0016"], "timestamp": 1740318236.5890906}
{"machine_id": 1740318248.6822605, "data": ["h", "h", "f", "f", "c", "g", "v"], "timestamp": 1740318248.6822605}
{"machine_id": 1740318260.7529364, "data": ["d", "d"], "timestamp": 1740318260.7529364}
{"machine_id": 1740318432.8507695, "data": ["backspace"], "timestamp": 1740318432.8507695}
{"machine_id": 1740318474.9344997, "data": ["ctrl_l", "\u0016"], "timestamp": 1740318474.9344997}
{"machine_id": 1740318497.0307195, "data": ["ctrl_l", "\u0016"], "timestamp": 1740318497.0307195}
{"machine_id": 1740318529.1125855, "data": ["h", "t", "h", "g"], "timestamp": 1740318529.1125855}
{"machine_id": 1740318541.2073996, "data": ["k", "j", "z", "x", "enter", "i", "s", "j", "i", "i", "j", "i", "j", "a", "i", "j", "i", "a", "s", "s", "j"], "timestamp": 1740318541.2073996}
{"machine_id": 1740318553.3116705, "data": ["d", "f", "e", "f", "e", "f", "e", "f", "e", "q", "g", "b"], "timestamp": 1740318553.3116705}
{"machine_id": 1740318605.4071975, "data": ["a", "d", "d", "space", "t", "h", "e", "space", "s", "e", "r", "v", "e", "r", "space", "s", "i", "d", "e", "space"], "timestamp": 1740318605.4071975}
